#
# A fatal error has been detected by the Java Runtime Environment:
#
#  EXCEPTION_ACCESS_VIOLATION (0xc0000005) at pc=0x71e4098b, pid=2280, tid=132
#
# JRE version: 7.0-b24
# Java VM: OpenJDK Client VM (23.2-b09 mixed mode windows-x86 )
# Problematic frame:
# V  [jvm.dll+0xc098b]
#
# Core dump written. Default location: C:\workspaces\ov4vc\practise\hs_err_pid2280.mdmp
#
# If you would like to submit a bug report, please visit:
#   http://bugreport.sun.com/bugreport/crash.jsp
#

---------------  T H R E A D  ---------------

Current thread (0x18fe3800):  JavaThread "JDWP Transport Listener: dt_socket" daemon [_thread_in_vm, id=132, stack(0x195e0000,0x19630000)]

siginfo: ExceptionCode=0xc0000005, reading address 0x003b7000

Registers:
EAX=0x003b7000, EBX=0x00000000, ECX=0x003b7000, EDX=0x00000000
ESP=0x1962f9c0, EBP=0x1962f9c4, ESI=0x18fe3800, EDI=0x02d18748
EIP=0x71e4098b, EFLAGS=0x00010206

Top of Stack: (sp=0x1962f9c0)
0x1962f9c0:   18fe3800 1962f9f0 71f6289a 003b7000
0x1962f9d0:   1962faa8 1962fa2b 18fe3800 00000000
0x1962f9e0:   00000000 00000000 18fe3800 18fe3800
0x1962f9f0:   1962fa2c 733e9d5c 02d18748 003b7000
0x1962fa00:   1962fa2b 003b7000 733d436d 003b7000
0x1962fa10:   1962fa2b 00000005 00000000 00000000
0x1962fa20:   0000000a 00000000 00fea6ac 1962fa4c
0x1962fa30:   733d44e0 00000001 1962fa68 1962faa4 

Instructions: (pc=0x71e4098b)
0x71e4096b:   0c 5f 5e 5d c2 0c 00 cc cc cc cc cc cc cc cc cc
0x71e4097b:   cc cc cc cc cc 55 8b ec 8b 45 08 56 85 c0 74 28
0x71e4098b:   8b 30 85 f6 74 22 81 fe fe fe fe fe 74 1a 8b 4e
0x71e4099b:   04 8b 41 08 8b 90 90 00 00 00 83 c1 08 ff d2 84 


Register to memory mapping:

EAX=0x003b7000 is an unknown value
EBX=0x00000000 is an unknown value
ECX=0x003b7000 is an unknown value
EDX=0x00000000 is an unknown value
ESP=0x1962f9c0 is pointing into the stack for thread: 0x18fe3800
EBP=0x1962f9c4 is pointing into the stack for thread: 0x18fe3800
ESI=0x18fe3800 is a thread
EDI=0x02d18748 is an unknown value


Stack: [0x195e0000,0x19630000],  sp=0x1962f9c0,  free space=318k
Native frames: (J=compiled Java code, j=interpreted, Vv=VM code, C=native code)
V  [jvm.dll+0xc098b]
V  [jvm.dll+0x1e289a]
C  [jdwp.dll+0x19d5c]  Agent_OnLoad+0xe9ef
C  [jdwp.dll+0x44e0]
C  [jdwp.dll+0x451e]


---------------  P R O C E S S  ---------------

Java Threads: ( => current thread )
  0x18ffec00 JavaThread "Service Thread" daemon [_thread_blocked, id=5316, stack(0x19820000,0x19870000)]
  0x18ffc000 JavaThread "C1 CompilerThread0" daemon [_thread_blocked, id=7956, stack(0x19790000,0x197e0000)]
  0x18ff2000 JavaThread "JDWP Command Reader" daemon [_thread_in_native, id=4376, stack(0x19700000,0x19750000)]
  0x18fedc00 JavaThread "JDWP Event Helper Thread" daemon [_thread_blocked, id=5740, stack(0x19670000,0x196c0000)]
=>0x18fe3800 JavaThread "JDWP Transport Listener: dt_socket" daemon [_thread_in_vm, id=132, stack(0x195e0000,0x19630000)]
  0x18fde000 JavaThread "Attach Listener" daemon [_thread_blocked, id=7448, stack(0x19270000,0x192c0000)]
  0x18fdbc00 JavaThread "Signal Dispatcher" daemon [_thread_blocked, id=9096, stack(0x191e0000,0x19230000)]
  0x02ce0800 JavaThread "Finalizer" daemon [_thread_blocked, id=8456, stack(0x18f50000,0x18fa0000)]
  0x02cdb800 JavaThread "Reference Handler" daemon [_thread_blocked, id=8292, stack(0x18ec0000,0x18f10000)]
  0x02d1bc00 JavaThread "main" [_thread_blocked, id=3828, stack(0x011f0000,0x01240000)]

Other Threads:
  0x02cd5000 VMThread [stack: 0x18e30000,0x18e80000] [id=9208]
  0x1900f800 WatcherThread [stack: 0x198b0000,0x19900000] [id=6668]

VM state:not at safepoint (normal execution)

VM Mutex/Monitor currently owned by a thread: None

Heap
 def new generation   total 4928K, used 466K [0x04d20000, 0x05270000, 0x0a270000)
  eden space 4416K,  10% used [0x04d20000, 0x04d94800, 0x05170000)
  from space 512K,   0% used [0x05170000, 0x05170000, 0x051f0000)
  to   space 512K,   0% used [0x051f0000, 0x051f0000, 0x05270000)
 tenured generation   total 10944K, used 0K [0x0a270000, 0x0ad20000, 0x14d20000)
   the space 10944K,   0% used [0x0a270000, 0x0a270000, 0x0a270200, 0x0ad20000)
 compacting perm gen  total 12288K, used 1578K [0x14d20000, 0x15920000, 0x18d20000)
   the space 12288K,  12% used [0x14d20000, 0x14eaa950, 0x14eaaa00, 0x15920000)
No shared spaces configured.

Card table byte_map: [0x18d20000,0x18dd0000] byte_map_base: 0x18cf9700

Polling page: 0x01250000

Code Cache  [0x02d20000, 0x02db8000, 0x04d20000)
 total_blobs=123 nmethods=4 adapters=63 free_code_cache=32189Kb largest_free_block=32962368

Compilation events (8 events):
Event: 0.278 Thread 0x18ffc000    1             java.lang.String::hashCode (55 bytes)
Event: 0.280 Thread 0x18ffc000 nmethod 1 0x02daf588 code [0x02daf680, 0x02daf760]
Event: 0.284 Thread 0x18ffc000    2             java.lang.String::charAt (29 bytes)
Event: 0.285 Thread 0x18ffc000 nmethod 2 0x02dafb48 code [0x02dafc60, 0x02dafd9c]
Event: 0.285 Thread 0x18ffc000    3             java.lang.String::indexOf (70 bytes)
Event: 0.285 Thread 0x18ffc000 nmethod 3 0x02dafec8 code [0x02daffe0, 0x02db012c]
Event: 0.287 Thread 0x18ffc000    4             java.lang.String::indexOf (166 bytes)
Event: 0.288 Thread 0x18ffc000 nmethod 4 0x02db0288 code [0x02db03a0, 0x02db05d0]

GC Heap History (0 events):
No events

Deoptimization events (0 events):
No events

Internal exceptions (2 events):
Event: 0.054 Thread 0x02d1bc00 Threw 0x04d25ff0 at C:\openjdk\hotspot\src\share\vm\prims\jni.cpp:3994
Event: 0.286 Thread 0x02d1bc00 Threw 0x04d67e58 at C:\openjdk\hotspot\src\share\vm\prims\jvm.cpp:1166

Events (10 events):
Event: 0.308 loading class 0x02ce78e8
Event: 0.308 loading class 0x02bf8370
Event: 0.309 loading class 0x02bf8370 done
Event: 0.309 loading class 0x02ce78e8 done
Event: 0.309 loading class 0x02caa230
Event: 0.309 loading class 0x02caa230 done
Event: 4.327 Executing VM operation: EnableBiasedLocking
Event: 4.327 Executing VM operation: EnableBiasedLocking done
Event: 1914.962 Executing VM operation: RedefineClasses
Event: 1914.962 Executing VM operation: RedefineClasses done


Dynamic libraries:
0x00ac0000 - 0x00aed000 	C:\opt\Java\openjdk-1.7.0-u6-b24\bin\javaw.exe
0x77920000 - 0x77a8e000 	C:\Windows\SYSTEM32\ntdll.dll
0x75310000 - 0x75450000 	C:\Windows\SYSTEM32\KERNEL32.DLL
0x75230000 - 0x75307000 	C:\Windows\SYSTEM32\KERNELBASE.dll
0x76490000 - 0x7650c000 	C:\Windows\SYSTEM32\ADVAPI32.dll
0x75eb0000 - 0x76003000 	C:\Windows\SYSTEM32\USER32.dll
0x74670000 - 0x74876000 	C:\Windows\WinSxS\x86_microsoft.windows.common-controls_6595b64144ccf1df_6.0.9600.17810_none_a9edf09f013934e0\COMCTL32.dll
0x76100000 - 0x761c3000 	C:\Windows\SYSTEM32\msvcrt.dll
0x76010000 - 0x76051000 	C:\Windows\SYSTEM32\sechost.dll
0x75930000 - 0x759ea000 	C:\Windows\SYSTEM32\RPCRT4.dll
0x76380000 - 0x7648e000 	C:\Windows\SYSTEM32\GDI32.dll
0x75120000 - 0x7513e000 	C:\Windows\SYSTEM32\SspiCli.dll
0x75110000 - 0x7511a000 	C:\Windows\SYSTEM32\CRYPTBASE.dll
0x750b0000 - 0x75104000 	C:\Windows\SYSTEM32\bcryptPrimitives.dll
0x751f0000 - 0x75217000 	C:\Windows\system32\IMM32.DLL
0x75640000 - 0x75752000 	C:\Windows\SYSTEM32\MSCTF.dll
0x73530000 - 0x735ee000 	C:\opt\Java\openjdk-1.7.0-u6-b24\jre\bin\msvcr100.dll
0x71d80000 - 0x720bb000 	C:\opt\Java\openjdk-1.7.0-u6-b24\jre\bin\client\jvm.dll
0x73cc0000 - 0x73ce3000 	C:\Windows\SYSTEM32\WINMM.dll
0x75150000 - 0x75156000 	C:\Windows\SYSTEM32\PSAPI.DLL
0x73c90000 - 0x73cb3000 	C:\Windows\SYSTEM32\WINMMBASE.dll
0x75c70000 - 0x75cac000 	C:\Windows\SYSTEM32\cfgmgr32.dll
0x73c60000 - 0x73c81000 	C:\Windows\SYSTEM32\DEVOBJ.dll
0x73520000 - 0x7352c000 	C:\opt\Java\openjdk-1.7.0-u6-b24\jre\bin\verify.dll
0x73500000 - 0x73520000 	C:\opt\Java\openjdk-1.7.0-u6-b24\jre\bin\java.dll
0x733d0000 - 0x733fa000 	C:\opt\Java\openjdk-1.7.0-u6-b24\jre\bin\jdwp.dll
0x733c0000 - 0x733c7000 	C:\opt\Java\openjdk-1.7.0-u6-b24\jre\bin\npt.dll
0x733a0000 - 0x733b3000 	C:\opt\Java\openjdk-1.7.0-u6-b24\jre\bin\zip.dll
0x73390000 - 0x73398000 	C:\opt\Java\openjdk-1.7.0-u6-b24\jre\bin\dt_socket.dll
0x76060000 - 0x760b0000 	C:\Windows\SYSTEM32\WS2_32.dll
0x75610000 - 0x75617000 	C:\Windows\SYSTEM32\NSI.dll
0x73b40000 - 0x73b51000 	C:\Windows\system32\napinsp.dll
0x73b20000 - 0x73b34000 	C:\Windows\system32\NLAapi.dll
0x73ef0000 - 0x73f3b000 	C:\Windows\System32\mswsock.dll
0x74560000 - 0x745de000 	C:\Windows\SYSTEM32\DNSAPI.dll
0x73b10000 - 0x73b1a000 	C:\Windows\System32\winrnr.dll
0x73a10000 - 0x73a56000 	C:\Windows\System32\fwpuclnt.dll
0x73a00000 - 0x73a08000 	C:\Windows\System32\rasadhlp.dll
0x719c0000 - 0x71b01000 	C:\Windows\system32\DBGHELP.DLL

VM Arguments:
jvm_args: -agentlib:jdwp=transport=dt_socket,suspend=y,address=localhost:58800 -Dfile.encoding=Cp1252 
java_command: practise.Sorts
Launcher Type: SUN_STANDARD

Environment Variables:
JAVA_HOME=C:\opt\Java\jdk1.7.0_45
PATH=C:\opt\Java\openjdk-1.7.0-u6-b24\jre\bin;C:\Program Files (x86)\Hewlett-Packard\HPCSS\HPSignClient;C:\Program Files (x86)\Hewlett-Packard\HPCSS\HPSignClient\LunaSA;C:\Program Files (x86)\Hewlett-Packard\HPCSS\HPSignClient\LunaSA\GnuPG;C:\Program Files (x86)\Hewlett-Packard\HPCSS\HPSignClient\LunaSA\JSP\lib;C:\Program Files (x86)\Hewlett-Packard\HPCSS\HPSignClient\LunaSA\HPMobileSign;C:\Program Files (x86)\Hewlett-Packard\HPCSS\HPSignClient\LunaSA\BinarySigner;C:\Program Files (x86)\Hewlett-Packard\HPCSS\HPSignClient\LunaSA\KSP;C:\Program Files (x86)\Hewlett-Packard\HPCSS\HPSignClient\LunaSA\CSP;;C:\Windows\system32;C:\Windows;C:\Windows\System32\Wbem;C:\Windows\System32\WindowsPowerShell\v1.0\;C:\Program Files (x86)\WinMerge;C:\Program Files\TortoiseGit\bin;C:\opt\python\python27;C:\Program Files (x86)\Git\cmd;C:\opt\Java\jdk1.7.0_45\bin\;C:\Program Files\MIT\Kerberos\bin;C:\Program Files\VMware\vCenter Server\openSSL
USERNAME=Administrator
OS=Windows_NT
PROCESSOR_IDENTIFIER=Intel64 Family 6 Model 45 Stepping 2, GenuineIntel



---------------  S Y S T E M  ---------------

OS: Windows Server 2012 , 64 bit Build 9200 

CPU:total 4 (2 cores per cpu, 1 threads per core) family 6 model 45 stepping 2, cmov, cx8, fxsr, mmx, sse, sse2, sse3, ssse3, sse4.1, sse4.2, popcnt, avx, tsc, tscinvbit, tscinv

Memory: 4k page, physical 12582452k(6082372k free), swap 14482996k(7973500k free)

vm_info: OpenJDK Client VM (23.2-b09) for windows-x86 JRE (1.7.0-u6-unofficial-b24), built on Nov 27 2012 06:33:30 by "alex1" with unknown MS VC++:1600

time: Tue May 17 22:37:53 2016
elapsed time: 1915 seconds

