#
# A fatal error has been detected by the Java Runtime Environment:
#
#  EXCEPTION_ACCESS_VIOLATION (0xc0000005) at pc=0x71fb098b, pid=9012, tid=7348
#
# JRE version: 7.0-b24
# Java VM: OpenJDK Client VM (23.2-b09 mixed mode windows-x86 )
# Problematic frame:
# V  [jvm.dll+0xc098b]
#
# Core dump written. Default location: C:\workspaces\ov4vc\practise\hs_err_pid9012.mdmp
#
# If you would like to submit a bug report, please visit:
#   http://bugreport.sun.com/bugreport/crash.jsp
#

---------------  T H R E A D  ---------------

Current thread (0x188a3800):  JavaThread "JDWP Transport Listener: dt_socket" daemon [_thread_in_vm, id=7348, stack(0x18ea0000,0x18ef0000)]

siginfo: ExceptionCode=0xc0000005, reading address 0x3b32246d

Registers:
EAX=0x3b32246d, EBX=0x00000000, ECX=0x3b32246d, EDX=0x00000000
ESP=0x18eef6a0, EBP=0x18eef6a4, ESI=0x188a3800, EDI=0x02738748
EIP=0x71fb098b, EFLAGS=0x00010202

Top of Stack: (sp=0x18eef6a0)
0x18eef6a0:   188a3800 18eef6d0 720d289a 3b32246d
0x18eef6b0:   18eef788 18eef70b 188a3800 00000000
0x18eef6c0:   00000000 00000000 188a3800 188a3800
0x18eef6d0:   18eef70c 735b9d5c 02738748 3b32246d
0x18eef6e0:   18eef70b 3b32246d 735a436d 3b32246d
0x18eef6f0:   18eef70b 00000004 00000000 00000000
0x18eef700:   0000000a 00000000 008aaaf0 18eef72c
0x18eef710:   735a44e0 00000001 18eef748 18eef784 

Instructions: (pc=0x71fb098b)
0x71fb096b:   0c 5f 5e 5d c2 0c 00 cc cc cc cc cc cc cc cc cc
0x71fb097b:   cc cc cc cc cc 55 8b ec 8b 45 08 56 85 c0 74 28
0x71fb098b:   8b 30 85 f6 74 22 81 fe fe fe fe fe 74 1a 8b 4e
0x71fb099b:   04 8b 41 08 8b 90 90 00 00 00 83 c1 08 ff d2 84 


Register to memory mapping:

EAX=0x3b32246d is an unknown value
EBX=0x00000000 is an unknown value
ECX=0x3b32246d is an unknown value
EDX=0x00000000 is an unknown value
ESP=0x18eef6a0 is pointing into the stack for thread: 0x188a3800
EBP=0x18eef6a4 is pointing into the stack for thread: 0x188a3800
ESI=0x188a3800 is a thread
EDI=0x02738748 is an unknown value


Stack: [0x18ea0000,0x18ef0000],  sp=0x18eef6a0,  free space=317k
Native frames: (J=compiled Java code, j=interpreted, Vv=VM code, C=native code)
V  [jvm.dll+0xc098b]
V  [jvm.dll+0x1e289a]
C  [jdwp.dll+0x19d5c]  Agent_OnLoad+0xe9ef
C  [jdwp.dll+0x44e0]
C  [jdwp.dll+0x451e]


---------------  P R O C E S S  ---------------

Java Threads: ( => current thread )
  0x188be800 JavaThread "Service Thread" daemon [_thread_blocked, id=7600, stack(0x190e0000,0x19130000)]
  0x188bbc00 JavaThread "C1 CompilerThread0" daemon [_thread_blocked, id=6924, stack(0x19050000,0x190a0000)]
  0x188b1c00 JavaThread "JDWP Command Reader" daemon [_thread_in_native, id=6156, stack(0x18fc0000,0x19010000)]
  0x188ad800 JavaThread "JDWP Event Helper Thread" daemon [_thread_blocked, id=5296, stack(0x18f30000,0x18f80000)]
=>0x188a3800 JavaThread "JDWP Transport Listener: dt_socket" daemon [_thread_in_vm, id=7348, stack(0x18ea0000,0x18ef0000)]
  0x1889e000 JavaThread "Attach Listener" daemon [_thread_blocked, id=8332, stack(0x18b30000,0x18b80000)]
  0x1889bc00 JavaThread "Signal Dispatcher" daemon [_thread_blocked, id=8212, stack(0x18aa0000,0x18af0000)]
  0x02540800 JavaThread "Finalizer" daemon [_thread_blocked, id=6432, stack(0x18810000,0x18860000)]
  0x0253b800 JavaThread "Reference Handler" daemon [_thread_blocked, id=8288, stack(0x18780000,0x187d0000)]
  0x0273bc00 JavaThread "main" [_thread_blocked, id=8640, stack(0x00c50000,0x00ca0000)]

Other Threads:
  0x02535000 VMThread [stack: 0x026e0000,0x02730000] [id=5128]
  0x188bf800 WatcherThread [stack: 0x19170000,0x191c0000] [id=428]

VM state:not at safepoint (normal execution)

VM Mutex/Monitor currently owned by a thread: None

Heap
 def new generation   total 4928K, used 466K [0x04740000, 0x04c90000, 0x09c90000)
  eden space 4416K,  10% used [0x04740000, 0x047b4800, 0x04b90000)
  from space 512K,   0% used [0x04b90000, 0x04b90000, 0x04c10000)
  to   space 512K,   0% used [0x04c10000, 0x04c10000, 0x04c90000)
 tenured generation   total 10944K, used 0K [0x09c90000, 0x0a740000, 0x14740000)
   the space 10944K,   0% used [0x09c90000, 0x09c90000, 0x09c90200, 0x0a740000)
 compacting perm gen  total 12288K, used 1577K [0x14740000, 0x15340000, 0x18740000)
   the space 12288K,  12% used [0x14740000, 0x148ca508, 0x148ca600, 0x15340000)
No shared spaces configured.

Card table byte_map: [0x02590000,0x02640000] byte_map_base: 0x0256c600

Polling page: 0x00aa0000

Code Cache  [0x02740000, 0x027d8000, 0x04740000)
 total_blobs=123 nmethods=4 adapters=63 free_code_cache=32189Kb largest_free_block=32962368

Compilation events (8 events):
Event: 0.268 Thread 0x188bbc00    1             java.lang.String::hashCode (55 bytes)
Event: 0.269 Thread 0x188bbc00 nmethod 1 0x027cf848 code [0x027cf940, 0x027cfa20]
Event: 0.274 Thread 0x188bbc00    2             java.lang.String::charAt (29 bytes)
Event: 0.274 Thread 0x188bbc00 nmethod 2 0x027cfb48 code [0x027cfc60, 0x027cfd9c]
Event: 0.275 Thread 0x188bbc00    3             java.lang.String::indexOf (70 bytes)
Event: 0.275 Thread 0x188bbc00 nmethod 3 0x027cfec8 code [0x027cffe0, 0x027d012c]
Event: 0.278 Thread 0x188bbc00    4             java.lang.String::indexOf (166 bytes)
Event: 0.279 Thread 0x188bbc00 nmethod 4 0x027d0288 code [0x027d03a0, 0x027d05d0]

GC Heap History (0 events):
No events

Deoptimization events (0 events):
No events

Internal exceptions (2 events):
Event: 0.059 Thread 0x0273bc00 Threw 0x04745ff0 at C:\openjdk\hotspot\src\share\vm\prims\jni.cpp:3994
Event: 0.276 Thread 0x0273bc00 Threw 0x04787e58 at C:\openjdk\hotspot\src\share\vm\prims\jvm.cpp:1166

Events (10 events):
Event: 184608.357 Executing VM operation: GetOrSetLocal
Event: 184608.357 Executing VM operation: GetOrSetLocal done
Event: 184608.359 Executing VM operation: GetOrSetLocal
Event: 184608.359 Executing VM operation: GetOrSetLocal done
Event: 184608.364 Executing VM operation: GetOrSetLocal
Event: 184608.364 Executing VM operation: GetOrSetLocal done
Event: 184608.364 Executing VM operation: GetOrSetLocal
Event: 184608.364 Executing VM operation: GetOrSetLocal done
Event: 184619.529 Executing VM operation: RedefineClasses
Event: 184619.530 Executing VM operation: RedefineClasses done


Dynamic libraries:
0x00ac0000 - 0x00aed000 	C:\opt\Java\openjdk-1.7.0-u6-b24\bin\javaw.exe
0x77920000 - 0x77a8e000 	C:\Windows\SYSTEM32\ntdll.dll
0x75310000 - 0x75450000 	C:\Windows\SYSTEM32\KERNEL32.DLL
0x75230000 - 0x75307000 	C:\Windows\SYSTEM32\KERNELBASE.dll
0x76490000 - 0x7650c000 	C:\Windows\SYSTEM32\ADVAPI32.dll
0x75eb0000 - 0x76003000 	C:\Windows\SYSTEM32\USER32.dll
0x74670000 - 0x74876000 	C:\Windows\WinSxS\x86_microsoft.windows.common-controls_6595b64144ccf1df_6.0.9600.17810_none_a9edf09f013934e0\COMCTL32.dll
0x76100000 - 0x761c3000 	C:\Windows\SYSTEM32\msvcrt.dll
0x76010000 - 0x76051000 	C:\Windows\SYSTEM32\sechost.dll
0x75930000 - 0x759ea000 	C:\Windows\SYSTEM32\RPCRT4.dll
0x76380000 - 0x7648e000 	C:\Windows\SYSTEM32\GDI32.dll
0x75120000 - 0x7513e000 	C:\Windows\SYSTEM32\SspiCli.dll
0x75110000 - 0x7511a000 	C:\Windows\SYSTEM32\CRYPTBASE.dll
0x750b0000 - 0x75104000 	C:\Windows\SYSTEM32\bcryptPrimitives.dll
0x751f0000 - 0x75217000 	C:\Windows\system32\IMM32.DLL
0x75640000 - 0x75752000 	C:\Windows\SYSTEM32\MSCTF.dll
0x735f0000 - 0x736ae000 	C:\opt\Java\openjdk-1.7.0-u6-b24\jre\bin\msvcr100.dll
0x71ef0000 - 0x7222b000 	C:\opt\Java\openjdk-1.7.0-u6-b24\jre\bin\client\jvm.dll
0x73cc0000 - 0x73ce3000 	C:\Windows\SYSTEM32\WINMM.dll
0x75150000 - 0x75156000 	C:\Windows\SYSTEM32\PSAPI.DLL
0x73c90000 - 0x73cb3000 	C:\Windows\SYSTEM32\WINMMBASE.dll
0x75c70000 - 0x75cac000 	C:\Windows\SYSTEM32\cfgmgr32.dll
0x73c60000 - 0x73c81000 	C:\Windows\SYSTEM32\DEVOBJ.dll
0x73b60000 - 0x73b6c000 	C:\opt\Java\openjdk-1.7.0-u6-b24\jre\bin\verify.dll
0x735d0000 - 0x735f0000 	C:\opt\Java\openjdk-1.7.0-u6-b24\jre\bin\java.dll
0x735a0000 - 0x735ca000 	C:\opt\Java\openjdk-1.7.0-u6-b24\jre\bin\jdwp.dll
0x73590000 - 0x73597000 	C:\opt\Java\openjdk-1.7.0-u6-b24\jre\bin\npt.dll
0x73570000 - 0x73583000 	C:\opt\Java\openjdk-1.7.0-u6-b24\jre\bin\zip.dll
0x73560000 - 0x73568000 	C:\opt\Java\openjdk-1.7.0-u6-b24\jre\bin\dt_socket.dll
0x76060000 - 0x760b0000 	C:\Windows\SYSTEM32\WS2_32.dll
0x75610000 - 0x75617000 	C:\Windows\SYSTEM32\NSI.dll
0x73b40000 - 0x73b51000 	C:\Windows\system32\napinsp.dll
0x73b20000 - 0x73b34000 	C:\Windows\system32\NLAapi.dll
0x73ef0000 - 0x73f3b000 	C:\Windows\System32\mswsock.dll
0x74560000 - 0x745de000 	C:\Windows\SYSTEM32\DNSAPI.dll
0x73b10000 - 0x73b1a000 	C:\Windows\System32\winrnr.dll
0x73a10000 - 0x73a56000 	C:\Windows\System32\fwpuclnt.dll
0x73a00000 - 0x73a08000 	C:\Windows\System32\rasadhlp.dll
0x732b0000 - 0x733f1000 	C:\Windows\system32\DBGHELP.DLL

VM Arguments:
jvm_args: -agentlib:jdwp=transport=dt_socket,suspend=y,address=localhost:52362 -Dfile.encoding=Cp1252 
java_command: practise.Sorts
Launcher Type: SUN_STANDARD

Environment Variables:
JAVA_HOME=C:\opt\Java\jdk1.7.0_45
PATH=C:\opt\Java\openjdk-1.7.0-u6-b24\jre\bin;C:\Program Files (x86)\Hewlett-Packard\HPCSS\HPSignClient;C:\Program Files (x86)\Hewlett-Packard\HPCSS\HPSignClient\LunaSA;C:\Program Files (x86)\Hewlett-Packard\HPCSS\HPSignClient\LunaSA\GnuPG;C:\Program Files (x86)\Hewlett-Packard\HPCSS\HPSignClient\LunaSA\JSP\lib;C:\Program Files (x86)\Hewlett-Packard\HPCSS\HPSignClient\LunaSA\HPMobileSign;C:\Program Files (x86)\Hewlett-Packard\HPCSS\HPSignClient\LunaSA\BinarySigner;C:\Program Files (x86)\Hewlett-Packard\HPCSS\HPSignClient\LunaSA\KSP;C:\Program Files (x86)\Hewlett-Packard\HPCSS\HPSignClient\LunaSA\CSP;;C:\Windows\system32;C:\Windows;C:\Windows\System32\Wbem;C:\Windows\System32\WindowsPowerShell\v1.0\;C:\Program Files (x86)\WinMerge;C:\Program Files\TortoiseGit\bin;C:\opt\python\python27;C:\Program Files (x86)\Git\cmd;C:\opt\Java\jdk1.7.0_45\bin\;C:\Program Files\MIT\Kerberos\bin;C:\Program Files\VMware\vCenter Server\openSSL
USERNAME=Administrator
OS=Windows_NT
PROCESSOR_IDENTIFIER=Intel64 Family 6 Model 45 Stepping 2, GenuineIntel



---------------  S Y S T E M  ---------------

OS: Windows Server 2012 , 64 bit Build 9200 

CPU:total 4 (2 cores per cpu, 1 threads per core) family 6 model 45 stepping 2, cmov, cx8, fxsr, mmx, sse, sse2, sse3, ssse3, sse4.1, sse4.2, popcnt, avx, tsc, tscinvbit, tscinv

Memory: 4k page, physical 12582452k(6175252k free), swap 14482996k(7952748k free)

vm_info: OpenJDK Client VM (23.2-b09) for windows-x86 JRE (1.7.0-u6-unofficial-b24), built on Nov 27 2012 06:33:30 by "alex1" with unknown MS VC++:1600

time: Tue May 17 21:51:52 2016
elapsed time: 184620 seconds

