#
# A fatal error has been detected by the Java Runtime Environment:
#
#  EXCEPTION_ACCESS_VIOLATION (0xc0000005) at pc=0x71e4098b, pid=3892, tid=6696
#
# JRE version: 7.0-b24
# Java VM: OpenJDK Client VM (23.2-b09 mixed mode windows-x86 )
# Problematic frame:
# V  [jvm.dll+0xc098b]
#
# Core dump written. Default location: C:\workspaces\ov4vc\practise\hs_err_pid3892.mdmp
#
# If you would like to submit a bug report, please visit:
#   http://bugreport.sun.com/bugreport/crash.jsp
#

---------------  T H R E A D  ---------------

Current thread (0x18ad3800):  JavaThread "JDWP Transport Listener: dt_socket" daemon [_thread_in_vm, id=6696, stack(0x190d0000,0x19120000)]

siginfo: ExceptionCode=0xc0000005, reading address 0x00003b73

Registers:
EAX=0x00003b73, EBX=0x00000000, ECX=0x00003b73, EDX=0x00000000
ESP=0x1911f620, EBP=0x1911f624, ESI=0x18ad3800, EDI=0x00ed8748
EIP=0x71e4098b, EFLAGS=0x00010202

Top of Stack: (sp=0x1911f620)
0x1911f620:   18ad3800 1911f650 71f6289a 00003b73
0x1911f630:   1911f708 1911f68b 18ad3800 00000000
0x1911f640:   00000000 00000000 18ad3800 18ad3800
0x1911f650:   1911f68c 733e9d5c 00ed8748 00003b73
0x1911f660:   1911f68b 00003b73 733d436d 00003b73
0x1911f670:   1911f68b 00000005 00000000 00000000
0x1911f680:   0000000a 00000000 00adab3c 1911f6ac
0x1911f690:   733d44e0 00000001 1911f6c8 1911f704 

Instructions: (pc=0x71e4098b)
0x71e4096b:   0c 5f 5e 5d c2 0c 00 cc cc cc cc cc cc cc cc cc
0x71e4097b:   cc cc cc cc cc 55 8b ec 8b 45 08 56 85 c0 74 28
0x71e4098b:   8b 30 85 f6 74 22 81 fe fe fe fe fe 74 1a 8b 4e
0x71e4099b:   04 8b 41 08 8b 90 90 00 00 00 83 c1 08 ff d2 84 


Register to memory mapping:

EAX=0x00003b73 is an unknown value
EBX=0x00000000 is an unknown value
ECX=0x00003b73 is an unknown value
EDX=0x00000000 is an unknown value
ESP=0x1911f620 is pointing into the stack for thread: 0x18ad3800
EBP=0x1911f624 is pointing into the stack for thread: 0x18ad3800
ESI=0x18ad3800 is a thread
EDI=0x00ed8748 is an unknown value


Stack: [0x190d0000,0x19120000],  sp=0x1911f620,  free space=317k
Native frames: (J=compiled Java code, j=interpreted, Vv=VM code, C=native code)
V  [jvm.dll+0xc098b]
V  [jvm.dll+0x1e289a]
C  [jdwp.dll+0x19d5c]  Agent_OnLoad+0xe9ef
C  [jdwp.dll+0x44e0]
C  [jdwp.dll+0x451e]


---------------  P R O C E S S  ---------------

Java Threads: ( => current thread )
  0x18aef800 JavaThread "Service Thread" daemon [_thread_blocked, id=5816, stack(0x19310000,0x19360000)]
  0x18aecc00 JavaThread "C1 CompilerThread0" daemon [_thread_blocked, id=8492, stack(0x19280000,0x192d0000)]
  0x18ae2800 JavaThread "JDWP Command Reader" daemon [_thread_in_native, id=7440, stack(0x191f0000,0x19240000)]
  0x18ade800 JavaThread "JDWP Event Helper Thread" daemon [_thread_blocked, id=1624, stack(0x19160000,0x191b0000)]
=>0x18ad3800 JavaThread "JDWP Transport Listener: dt_socket" daemon [_thread_in_vm, id=6696, stack(0x190d0000,0x19120000)]
  0x18ace000 JavaThread "Attach Listener" daemon [_thread_blocked, id=5824, stack(0x18d60000,0x18db0000)]
  0x18acc000 JavaThread "Signal Dispatcher" daemon [_thread_blocked, id=5384, stack(0x18cd0000,0x18d20000)]
  0x02740400 JavaThread "Finalizer" daemon [_thread_blocked, id=4616, stack(0x18a40000,0x18a90000)]
  0x0273b800 JavaThread "Reference Handler" daemon [_thread_blocked, id=8536, stack(0x189b0000,0x18a00000)]
  0x00edbc00 JavaThread "main" [_thread_blocked, id=2572, stack(0x00e30000,0x00e80000)]

Other Threads:
  0x02735000 VMThread [stack: 0x18920000,0x18970000] [id=7316]
  0x18af0400 WatcherThread [stack: 0x193a0000,0x193f0000] [id=7192]

VM state:not at safepoint (normal execution)

VM Mutex/Monitor currently owned by a thread: None

Heap
 def new generation   total 4928K, used 466K [0x047d0000, 0x04d20000, 0x09d20000)
  eden space 4416K,  10% used [0x047d0000, 0x04844800, 0x04c20000)
  from space 512K,   0% used [0x04c20000, 0x04c20000, 0x04ca0000)
  to   space 512K,   0% used [0x04ca0000, 0x04ca0000, 0x04d20000)
 tenured generation   total 10944K, used 0K [0x09d20000, 0x0a7d0000, 0x147d0000)
   the space 10944K,   0% used [0x09d20000, 0x09d20000, 0x09d20200, 0x0a7d0000)
 compacting perm gen  total 12288K, used 1594K [0x147d0000, 0x153d0000, 0x187d0000)
   the space 12288K,  12% used [0x147d0000, 0x1495ea58, 0x1495ec00, 0x153d0000)
No shared spaces configured.

Card table byte_map: [0x187d0000,0x18880000] byte_map_base: 0x187ac180

Polling page: 0x00e80000

Code Cache  [0x02750000, 0x027e8000, 0x04750000)
 total_blobs=123 nmethods=4 adapters=63 free_code_cache=32189Kb largest_free_block=32962368

Compilation events (8 events):
Event: 0.262 Thread 0x18aecc00    1             java.lang.String::hashCode (55 bytes)
Event: 0.264 Thread 0x18aecc00 nmethod 1 0x027df848 code [0x027df940, 0x027dfa20]
Event: 0.268 Thread 0x18aecc00    2             java.lang.String::charAt (29 bytes)
Event: 0.268 Thread 0x18aecc00 nmethod 2 0x027dfb48 code [0x027dfc60, 0x027dfd9c]
Event: 0.268 Thread 0x18aecc00    3             java.lang.String::indexOf (70 bytes)
Event: 0.269 Thread 0x18aecc00 nmethod 3 0x027dfec8 code [0x027dffe0, 0x027e012c]
Event: 0.270 Thread 0x18aecc00    4             java.lang.String::indexOf (166 bytes)
Event: 0.271 Thread 0x18aecc00 nmethod 4 0x027e0288 code [0x027e03a0, 0x027e05d0]

GC Heap History (0 events):
No events

Deoptimization events (0 events):
No events

Internal exceptions (2 events):
Event: 0.053 Thread 0x00edbc00 Threw 0x047d5ff0 at C:\openjdk\hotspot\src\share\vm\prims\jni.cpp:3994
Event: 0.270 Thread 0x00edbc00 Threw 0x04817e58 at C:\openjdk\hotspot\src\share\vm\prims\jvm.cpp:1166

Events (10 events):
Event: 200.845 Executing VM operation: RedefineClasses
Event: 200.845 Executing VM operation: RedefineClasses done
Event: 200.901 Executing VM operation: ChangeBreakpoints
Event: 200.901 Executing VM operation: ChangeBreakpoints done
Event: 502.078 Executing VM operation: RedefineClasses
Event: 502.078 Executing VM operation: RedefineClasses done
Event: 502.093 Executing VM operation: ChangeBreakpoints
Event: 502.093 Executing VM operation: ChangeBreakpoints done
Event: 2438.412 Executing VM operation: RedefineClasses
Event: 2438.412 Executing VM operation: RedefineClasses done


Dynamic libraries:
0x00ac0000 - 0x00aed000 	C:\opt\Java\openjdk-1.7.0-u6-b24\bin\javaw.exe
0x77920000 - 0x77a8e000 	C:\Windows\SYSTEM32\ntdll.dll
0x75310000 - 0x75450000 	C:\Windows\SYSTEM32\KERNEL32.DLL
0x75230000 - 0x75307000 	C:\Windows\SYSTEM32\KERNELBASE.dll
0x76490000 - 0x7650c000 	C:\Windows\SYSTEM32\ADVAPI32.dll
0x75eb0000 - 0x76003000 	C:\Windows\SYSTEM32\USER32.dll
0x74670000 - 0x74876000 	C:\Windows\WinSxS\x86_microsoft.windows.common-controls_6595b64144ccf1df_6.0.9600.17810_none_a9edf09f013934e0\COMCTL32.dll
0x76100000 - 0x761c3000 	C:\Windows\SYSTEM32\msvcrt.dll
0x76010000 - 0x76051000 	C:\Windows\SYSTEM32\sechost.dll
0x75930000 - 0x759ea000 	C:\Windows\SYSTEM32\RPCRT4.dll
0x76380000 - 0x7648e000 	C:\Windows\SYSTEM32\GDI32.dll
0x75120000 - 0x7513e000 	C:\Windows\SYSTEM32\SspiCli.dll
0x75110000 - 0x7511a000 	C:\Windows\SYSTEM32\CRYPTBASE.dll
0x750b0000 - 0x75104000 	C:\Windows\SYSTEM32\bcryptPrimitives.dll
0x751f0000 - 0x75217000 	C:\Windows\system32\IMM32.DLL
0x75640000 - 0x75752000 	C:\Windows\SYSTEM32\MSCTF.dll
0x73530000 - 0x735ee000 	C:\opt\Java\openjdk-1.7.0-u6-b24\jre\bin\msvcr100.dll
0x71d80000 - 0x720bb000 	C:\opt\Java\openjdk-1.7.0-u6-b24\jre\bin\client\jvm.dll
0x73cc0000 - 0x73ce3000 	C:\Windows\SYSTEM32\WINMM.dll
0x75150000 - 0x75156000 	C:\Windows\SYSTEM32\PSAPI.DLL
0x73c90000 - 0x73cb3000 	C:\Windows\SYSTEM32\WINMMBASE.dll
0x75c70000 - 0x75cac000 	C:\Windows\SYSTEM32\cfgmgr32.dll
0x73c60000 - 0x73c81000 	C:\Windows\SYSTEM32\DEVOBJ.dll
0x73520000 - 0x7352c000 	C:\opt\Java\openjdk-1.7.0-u6-b24\jre\bin\verify.dll
0x73500000 - 0x73520000 	C:\opt\Java\openjdk-1.7.0-u6-b24\jre\bin\java.dll
0x733d0000 - 0x733fa000 	C:\opt\Java\openjdk-1.7.0-u6-b24\jre\bin\jdwp.dll
0x733c0000 - 0x733c7000 	C:\opt\Java\openjdk-1.7.0-u6-b24\jre\bin\npt.dll
0x733a0000 - 0x733b3000 	C:\opt\Java\openjdk-1.7.0-u6-b24\jre\bin\zip.dll
0x73390000 - 0x73398000 	C:\opt\Java\openjdk-1.7.0-u6-b24\jre\bin\dt_socket.dll
0x76060000 - 0x760b0000 	C:\Windows\SYSTEM32\WS2_32.dll
0x75610000 - 0x75617000 	C:\Windows\SYSTEM32\NSI.dll
0x73b40000 - 0x73b51000 	C:\Windows\system32\napinsp.dll
0x73b20000 - 0x73b34000 	C:\Windows\system32\NLAapi.dll
0x73ef0000 - 0x73f3b000 	C:\Windows\System32\mswsock.dll
0x74560000 - 0x745de000 	C:\Windows\SYSTEM32\DNSAPI.dll
0x73b10000 - 0x73b1a000 	C:\Windows\System32\winrnr.dll
0x73a10000 - 0x73a56000 	C:\Windows\System32\fwpuclnt.dll
0x73a00000 - 0x73a08000 	C:\Windows\System32\rasadhlp.dll
0x719c0000 - 0x71b01000 	C:\Windows\system32\DBGHELP.DLL

VM Arguments:
jvm_args: -agentlib:jdwp=transport=dt_socket,suspend=y,address=localhost:58394 -Dfile.encoding=Cp1252 
java_command: practise.Sorts
Launcher Type: SUN_STANDARD

Environment Variables:
JAVA_HOME=C:\opt\Java\jdk1.7.0_45
PATH=C:\opt\Java\openjdk-1.7.0-u6-b24\jre\bin;C:\Program Files (x86)\Hewlett-Packard\HPCSS\HPSignClient;C:\Program Files (x86)\Hewlett-Packard\HPCSS\HPSignClient\LunaSA;C:\Program Files (x86)\Hewlett-Packard\HPCSS\HPSignClient\LunaSA\GnuPG;C:\Program Files (x86)\Hewlett-Packard\HPCSS\HPSignClient\LunaSA\JSP\lib;C:\Program Files (x86)\Hewlett-Packard\HPCSS\HPSignClient\LunaSA\HPMobileSign;C:\Program Files (x86)\Hewlett-Packard\HPCSS\HPSignClient\LunaSA\BinarySigner;C:\Program Files (x86)\Hewlett-Packard\HPCSS\HPSignClient\LunaSA\KSP;C:\Program Files (x86)\Hewlett-Packard\HPCSS\HPSignClient\LunaSA\CSP;;C:\Windows\system32;C:\Windows;C:\Windows\System32\Wbem;C:\Windows\System32\WindowsPowerShell\v1.0\;C:\Program Files (x86)\WinMerge;C:\Program Files\TortoiseGit\bin;C:\opt\python\python27;C:\Program Files (x86)\Git\cmd;C:\opt\Java\jdk1.7.0_45\bin\;C:\Program Files\MIT\Kerberos\bin;C:\Program Files\VMware\vCenter Server\openSSL
USERNAME=Administrator
OS=Windows_NT
PROCESSOR_IDENTIFIER=Intel64 Family 6 Model 45 Stepping 2, GenuineIntel



---------------  S Y S T E M  ---------------

OS: Windows Server 2012 , 64 bit Build 9200 

CPU:total 4 (2 cores per cpu, 1 threads per core) family 6 model 45 stepping 2, cmov, cx8, fxsr, mmx, sse, sse2, sse3, ssse3, sse4.1, sse4.2, popcnt, avx, tsc, tscinvbit, tscinv

Memory: 4k page, physical 12582452k(6195612k free), swap 14482996k(7902844k free)

vm_info: OpenJDK Client VM (23.2-b09) for windows-x86 JRE (1.7.0-u6-unofficial-b24), built on Nov 27 2012 06:33:30 by "alex1" with unknown MS VC++:1600

time: Tue May 17 22:37:53 2016
elapsed time: 2438 seconds

