#
# A fatal error has been detected by the Java Runtime Environment:
#
#  EXCEPTION_ACCESS_VIOLATION (0xc0000005) at pc=0x71fb098b, pid=2448, tid=7744
#
# JRE version: 7.0-b24
# Java VM: OpenJDK Client VM (23.2-b09 mixed mode windows-x86 )
# Problematic frame:
# V  [jvm.dll+0xc098b]
#
# Core dump written. Default location: C:\workspaces\ov4vc\practise\hs_err_pid2448.mdmp
#
# If you would like to submit a bug report, please visit:
#   http://bugreport.sun.com/bugreport/crash.jsp
#

---------------  T H R E A D  ---------------

Current thread (0x18063800):  JavaThread "JDWP Transport Listener: dt_socket" daemon [_thread_in_vm, id=7744, stack(0x18660000,0x186b0000)]

siginfo: ExceptionCode=0xc0000005, reading address 0x18003b65

Registers:
EAX=0x18003b65, EBX=0x00000000, ECX=0x18003b65, EDX=0x00000000
ESP=0x186af7f0, EBP=0x186af7f4, ESI=0x18063800, EDI=0x007f8748
EIP=0x71fb098b, EFLAGS=0x00010206

Top of Stack: (sp=0x186af7f0)
0x186af7f0:   18063800 186af820 720d289a 18003b65
0x186af800:   186af8d8 186af85b 18063800 00000000
0x186af810:   00000000 00000000 18063800 18063800
0x186af820:   186af85c 724b9d5c 007f8748 18003b65
0x186af830:   186af85b 18003b65 724a436d 18003b65
0x186af840:   186af85b 00000003 00000000 00000000
0x186af850:   0000000a 00000000 0006b834 186af87c
0x186af860:   724a44e0 00000001 186af898 186af8d4 

Instructions: (pc=0x71fb098b)
0x71fb096b:   0c 5f 5e 5d c2 0c 00 cc cc cc cc cc cc cc cc cc
0x71fb097b:   cc cc cc cc cc 55 8b ec 8b 45 08 56 85 c0 74 28
0x71fb098b:   8b 30 85 f6 74 22 81 fe fe fe fe fe 74 1a 8b 4e
0x71fb099b:   04 8b 41 08 8b 90 90 00 00 00 83 c1 08 ff d2 84 


Register to memory mapping:

EAX=0x18003b65 is pointing into the stack for thread: 0x007b0400
EBX=0x00000000 is an unknown value
ECX=0x18003b65 is pointing into the stack for thread: 0x007b0400
EDX=0x00000000 is an unknown value
ESP=0x186af7f0 is pointing into the stack for thread: 0x18063800
EBP=0x186af7f4 is pointing into the stack for thread: 0x18063800
ESI=0x18063800 is a thread
EDI=0x007f8748 is an unknown value


Stack: [0x18660000,0x186b0000],  sp=0x186af7f0,  free space=317k
Native frames: (J=compiled Java code, j=interpreted, Vv=VM code, C=native code)
V  [jvm.dll+0xc098b]
V  [jvm.dll+0x1e289a]
C  [jdwp.dll+0x19d5c]  Agent_OnLoad+0xe9ef
C  [jdwp.dll+0x44e0]
C  [jdwp.dll+0x451e]


---------------  P R O C E S S  ---------------

Java Threads: ( => current thread )
  0x1807e800 JavaThread "Service Thread" daemon [_thread_blocked, id=9108, stack(0x188a0000,0x188f0000)]
  0x1807c000 JavaThread "C1 CompilerThread0" daemon [_thread_blocked, id=4616, stack(0x18810000,0x18860000)]
  0x18071c00 JavaThread "JDWP Command Reader" daemon [_thread_in_native, id=5300, stack(0x18780000,0x187d0000)]
  0x1806dc00 JavaThread "JDWP Event Helper Thread" daemon [_thread_blocked, id=2392, stack(0x186f0000,0x18740000)]
=>0x18063800 JavaThread "JDWP Transport Listener: dt_socket" daemon [_thread_in_vm, id=7744, stack(0x18660000,0x186b0000)]
  0x1805e000 JavaThread "Attach Listener" daemon [_thread_blocked, id=5948, stack(0x182f0000,0x18340000)]
  0x1805c000 JavaThread "Signal Dispatcher" daemon [_thread_blocked, id=7316, stack(0x18260000,0x182b0000)]
  0x007b0400 JavaThread "Finalizer" daemon [_thread_blocked, id=9076, stack(0x17fd0000,0x18020000)]
  0x007ab800 JavaThread "Reference Handler" daemon [_thread_blocked, id=6900, stack(0x17f40000,0x17f90000)]
  0x007fbc00 JavaThread "main" [_thread_blocked, id=6780, stack(0x002b0000,0x00300000)]

Other Threads:
  0x007a5000 VMThread [stack: 0x17eb0000,0x17f00000] [id=3972]
  0x1808f800 WatcherThread [stack: 0x18930000,0x18980000] [id=6168]

VM state:not at safepoint (normal execution)

VM Mutex/Monitor currently owned by a thread: None

Heap
 def new generation   total 4928K, used 466K [0x03dc0000, 0x04310000, 0x09310000)
  eden space 4416K,  10% used [0x03dc0000, 0x03e34800, 0x04210000)
  from space 512K,   0% used [0x04210000, 0x04210000, 0x04290000)
  to   space 512K,   0% used [0x04290000, 0x04290000, 0x04310000)
 tenured generation   total 10944K, used 0K [0x09310000, 0x09dc0000, 0x13dc0000)
   the space 10944K,   0% used [0x09310000, 0x09310000, 0x09310200, 0x09dc0000)
 compacting perm gen  total 12288K, used 1611K [0x13dc0000, 0x149c0000, 0x17dc0000)
   the space 12288K,  13% used [0x13dc0000, 0x13f52cb0, 0x13f52e00, 0x149c0000)
No shared spaces configured.

Card table byte_map: [0x17dc0000,0x17e70000] byte_map_base: 0x17da1200

Polling page: 0x00410000

Code Cache  [0x01dc0000, 0x01e58000, 0x03dc0000)
 total_blobs=123 nmethods=4 adapters=63 free_code_cache=32189Kb largest_free_block=32962368

Compilation events (8 events):
Event: 0.277 Thread 0x1807c000    1             java.lang.String::hashCode (55 bytes)
Event: 0.278 Thread 0x1807c000 nmethod 1 0x01e4f848 code [0x01e4f940, 0x01e4fa20]
Event: 0.283 Thread 0x1807c000    2             java.lang.String::charAt (29 bytes)
Event: 0.283 Thread 0x1807c000 nmethod 2 0x01e4fb48 code [0x01e4fc60, 0x01e4fd9c]
Event: 0.283 Thread 0x1807c000    3             java.lang.String::indexOf (70 bytes)
Event: 0.284 Thread 0x1807c000 nmethod 3 0x01e4fec8 code [0x01e4ffe0, 0x01e5012c]
Event: 0.286 Thread 0x1807c000    4             java.lang.String::indexOf (166 bytes)
Event: 0.286 Thread 0x1807c000 nmethod 4 0x01e50288 code [0x01e503a0, 0x01e505d0]

GC Heap History (0 events):
No events

Deoptimization events (0 events):
No events

Internal exceptions (2 events):
Event: 0.054 Thread 0x007fbc00 Threw 0x03dc5ff0 at C:\openjdk\hotspot\src\share\vm\prims\jni.cpp:3994
Event: 0.285 Thread 0x007fbc00 Threw 0x03e07e58 at C:\openjdk\hotspot\src\share\vm\prims\jvm.cpp:1166

Events (10 events):
Event: 2903.658 Executing VM operation: RedefineClasses
Event: 2903.659 Executing VM operation: RedefineClasses done
Event: 2903.668 Executing VM operation: ChangeBreakpoints
Event: 2903.668 Executing VM operation: ChangeBreakpoints done
Event: 3550.413 Executing VM operation: RedefineClasses
Event: 3550.414 Executing VM operation: RedefineClasses done
Event: 3550.425 Executing VM operation: ChangeBreakpoints
Event: 3550.425 Executing VM operation: ChangeBreakpoints done
Event: 5327.957 Executing VM operation: RedefineClasses
Event: 5327.957 Executing VM operation: RedefineClasses done


Dynamic libraries:
0x00800000 - 0x0082d000 	C:\opt\Java\openjdk-1.7.0-u6-b24\bin\javaw.exe
0x77920000 - 0x77a8e000 	C:\Windows\SYSTEM32\ntdll.dll
0x75310000 - 0x75450000 	C:\Windows\SYSTEM32\KERNEL32.DLL
0x75230000 - 0x75307000 	C:\Windows\SYSTEM32\KERNELBASE.dll
0x76490000 - 0x7650c000 	C:\Windows\SYSTEM32\ADVAPI32.dll
0x75eb0000 - 0x76003000 	C:\Windows\SYSTEM32\USER32.dll
0x74670000 - 0x74876000 	C:\Windows\WinSxS\x86_microsoft.windows.common-controls_6595b64144ccf1df_6.0.9600.17810_none_a9edf09f013934e0\COMCTL32.dll
0x76100000 - 0x761c3000 	C:\Windows\SYSTEM32\msvcrt.dll
0x76010000 - 0x76051000 	C:\Windows\SYSTEM32\sechost.dll
0x75930000 - 0x759ea000 	C:\Windows\SYSTEM32\RPCRT4.dll
0x76380000 - 0x7648e000 	C:\Windows\SYSTEM32\GDI32.dll
0x75120000 - 0x7513e000 	C:\Windows\SYSTEM32\SspiCli.dll
0x75110000 - 0x7511a000 	C:\Windows\SYSTEM32\CRYPTBASE.dll
0x750b0000 - 0x75104000 	C:\Windows\SYSTEM32\bcryptPrimitives.dll
0x751f0000 - 0x75217000 	C:\Windows\system32\IMM32.DLL
0x75640000 - 0x75752000 	C:\Windows\SYSTEM32\MSCTF.dll
0x724f0000 - 0x725ae000 	C:\opt\Java\openjdk-1.7.0-u6-b24\jre\bin\msvcr100.dll
0x71ef0000 - 0x7222b000 	C:\opt\Java\openjdk-1.7.0-u6-b24\jre\bin\client\jvm.dll
0x73cc0000 - 0x73ce3000 	C:\Windows\SYSTEM32\WINMM.dll
0x75150000 - 0x75156000 	C:\Windows\SYSTEM32\PSAPI.DLL
0x73c90000 - 0x73cb3000 	C:\Windows\SYSTEM32\WINMMBASE.dll
0x75c70000 - 0x75cac000 	C:\Windows\SYSTEM32\cfgmgr32.dll
0x73c60000 - 0x73c81000 	C:\Windows\SYSTEM32\DEVOBJ.dll
0x73b60000 - 0x73b6c000 	C:\opt\Java\openjdk-1.7.0-u6-b24\jre\bin\verify.dll
0x724d0000 - 0x724f0000 	C:\opt\Java\openjdk-1.7.0-u6-b24\jre\bin\java.dll
0x724a0000 - 0x724ca000 	C:\opt\Java\openjdk-1.7.0-u6-b24\jre\bin\jdwp.dll
0x72ce0000 - 0x72ce7000 	C:\opt\Java\openjdk-1.7.0-u6-b24\jre\bin\npt.dll
0x72480000 - 0x72493000 	C:\opt\Java\openjdk-1.7.0-u6-b24\jre\bin\zip.dll
0x72470000 - 0x72478000 	C:\opt\Java\openjdk-1.7.0-u6-b24\jre\bin\dt_socket.dll
0x76060000 - 0x760b0000 	C:\Windows\SYSTEM32\WS2_32.dll
0x75610000 - 0x75617000 	C:\Windows\SYSTEM32\NSI.dll
0x73b40000 - 0x73b51000 	C:\Windows\system32\napinsp.dll
0x73b20000 - 0x73b34000 	C:\Windows\system32\NLAapi.dll
0x73ef0000 - 0x73f3b000 	C:\Windows\System32\mswsock.dll
0x74560000 - 0x745de000 	C:\Windows\SYSTEM32\DNSAPI.dll
0x73b10000 - 0x73b1a000 	C:\Windows\System32\winrnr.dll
0x73a10000 - 0x73a56000 	C:\Windows\System32\fwpuclnt.dll
0x73a00000 - 0x73a08000 	C:\Windows\System32\rasadhlp.dll
0x732b0000 - 0x733f1000 	C:\Windows\system32\DBGHELP.DLL

VM Arguments:
jvm_args: -agentlib:jdwp=transport=dt_socket,suspend=y,address=localhost:59830 -Dfile.encoding=Cp1252 
java_command: practise.Sorts
Launcher Type: SUN_STANDARD

Environment Variables:
JAVA_HOME=C:\opt\Java\jdk1.7.0_45
PATH=C:\opt\Java\openjdk-1.7.0-u6-b24\jre\bin;C:\Program Files (x86)\Hewlett-Packard\HPCSS\HPSignClient;C:\Program Files (x86)\Hewlett-Packard\HPCSS\HPSignClient\LunaSA;C:\Program Files (x86)\Hewlett-Packard\HPCSS\HPSignClient\LunaSA\GnuPG;C:\Program Files (x86)\Hewlett-Packard\HPCSS\HPSignClient\LunaSA\JSP\lib;C:\Program Files (x86)\Hewlett-Packard\HPCSS\HPSignClient\LunaSA\HPMobileSign;C:\Program Files (x86)\Hewlett-Packard\HPCSS\HPSignClient\LunaSA\BinarySigner;C:\Program Files (x86)\Hewlett-Packard\HPCSS\HPSignClient\LunaSA\KSP;C:\Program Files (x86)\Hewlett-Packard\HPCSS\HPSignClient\LunaSA\CSP;;C:\Windows\system32;C:\Windows;C:\Windows\System32\Wbem;C:\Windows\System32\WindowsPowerShell\v1.0\;C:\Program Files (x86)\WinMerge;C:\Program Files\TortoiseGit\bin;C:\opt\python\python27;C:\Program Files (x86)\Git\cmd;C:\opt\Java\jdk1.7.0_45\bin\;C:\Program Files\MIT\Kerberos\bin;C:\Program Files\VMware\vCenter Server\openSSL
USERNAME=Administrator
OS=Windows_NT
PROCESSOR_IDENTIFIER=Intel64 Family 6 Model 45 Stepping 2, GenuineIntel



---------------  S Y S T E M  ---------------

OS: Windows Server 2012 , 64 bit Build 9200 

CPU:total 4 (2 cores per cpu, 1 threads per core) family 6 model 45 stepping 2, cmov, cx8, fxsr, mmx, sse, sse2, sse3, ssse3, sse4.1, sse4.2, popcnt, avx, tsc, tscinvbit, tscinv

Memory: 4k page, physical 12582452k(7061768k free), swap 14482996k(8569696k free)

vm_info: OpenJDK Client VM (23.2-b09) for windows-x86 JRE (1.7.0-u6-unofficial-b24), built on Nov 27 2012 06:33:30 by "alex1" with unknown MS VC++:1600

time: Sun May 08 16:44:35 2016
elapsed time: 5329 seconds

