#
# A fatal error has been detected by the Java Runtime Environment:
#
#  EXCEPTION_ACCESS_VIOLATION (0xc0000005) at pc=0x71e4098b, pid=6124, tid=6588
#
# JRE version: 7.0-b24
# Java VM: OpenJDK Client VM (23.2-b09 mixed mode windows-x86 )
# Problematic frame:
# V  [jvm.dll+0xc098b]
#
# Core dump written. Default location: C:\workspaces\ov4vc\practise\hs_err_pid6124.mdmp
#
# If you would like to submit a bug report, please visit:
#   http://bugreport.sun.com/bugreport/crash.jsp
#

---------------  T H R E A D  ---------------

Current thread (0x18873800):  JavaThread "JDWP Transport Listener: dt_socket" daemon [_thread_in_vm, id=6588, stack(0x18e70000,0x18ec0000)]

siginfo: ExceptionCode=0xc0000005, reading address 0x00003b00

Registers:
EAX=0x00003b00, EBX=0x00000000, ECX=0x00003b00, EDX=0x00000000
ESP=0x18ebfad0, EBP=0x18ebfad4, ESI=0x18873800, EDI=0x00bc8748
EIP=0x71e4098b, EFLAGS=0x00010206

Top of Stack: (sp=0x18ebfad0)
0x18ebfad0:   18873800 18ebfb00 71f6289a 00003b00
0x18ebfae0:   18ebfbb8 18ebfb3b 18873800 00000000
0x18ebfaf0:   00000000 00000000 18873800 18873800
0x18ebfb00:   18ebfb3c 733e9d5c 00bc8748 00003b00
0x18ebfb10:   18ebfb3b 00003b00 733d436d 00003b00
0x18ebfb20:   18ebfb3b 00000005 00000000 00000000
0x18ebfb30:   0000000a 00000000 0087a8e8 18ebfb5c
0x18ebfb40:   733d44e0 00000001 18ebfb78 18ebfbb4 

Instructions: (pc=0x71e4098b)
0x71e4096b:   0c 5f 5e 5d c2 0c 00 cc cc cc cc cc cc cc cc cc
0x71e4097b:   cc cc cc cc cc 55 8b ec 8b 45 08 56 85 c0 74 28
0x71e4098b:   8b 30 85 f6 74 22 81 fe fe fe fe fe 74 1a 8b 4e
0x71e4099b:   04 8b 41 08 8b 90 90 00 00 00 83 c1 08 ff d2 84 


Register to memory mapping:

EAX=0x00003b00 is an unknown value
EBX=0x00000000 is an unknown value
ECX=0x00003b00 is an unknown value
EDX=0x00000000 is an unknown value
ESP=0x18ebfad0 is pointing into the stack for thread: 0x18873800
EBP=0x18ebfad4 is pointing into the stack for thread: 0x18873800
ESI=0x18873800 is a thread
EDI=0x00bc8748 is an unknown value


Stack: [0x18e70000,0x18ec0000],  sp=0x18ebfad0,  free space=318k
Native frames: (J=compiled Java code, j=interpreted, Vv=VM code, C=native code)
V  [jvm.dll+0xc098b]
V  [jvm.dll+0x1e289a]
C  [jdwp.dll+0x19d5c]  Agent_OnLoad+0xe9ef
C  [jdwp.dll+0x44e0]
C  [jdwp.dll+0x451e]


---------------  P R O C E S S  ---------------

Java Threads: ( => current thread )
  0x1888e800 JavaThread "Service Thread" daemon [_thread_blocked, id=5828, stack(0x190b0000,0x19100000)]
  0x1888bc00 JavaThread "C1 CompilerThread0" daemon [_thread_blocked, id=6972, stack(0x19020000,0x19070000)]
  0x18881c00 JavaThread "JDWP Command Reader" daemon [_thread_in_native, id=6936, stack(0x18f90000,0x18fe0000)]
  0x1887d800 JavaThread "JDWP Event Helper Thread" daemon [_thread_blocked, id=7868, stack(0x18f00000,0x18f50000)]
=>0x18873800 JavaThread "JDWP Transport Listener: dt_socket" daemon [_thread_in_vm, id=6588, stack(0x18e70000,0x18ec0000)]
  0x1886e000 JavaThread "Attach Listener" daemon [_thread_blocked, id=6280, stack(0x18b00000,0x18b50000)]
  0x1886c000 JavaThread "Signal Dispatcher" daemon [_thread_blocked, id=7660, stack(0x18a70000,0x18ac0000)]
  0x02560400 JavaThread "Finalizer" daemon [_thread_blocked, id=2012, stack(0x187e0000,0x18830000)]
  0x0255b800 JavaThread "Reference Handler" daemon [_thread_blocked, id=7112, stack(0x18750000,0x187a0000)]
  0x00bcbc00 JavaThread "main" [_thread_blocked, id=8520, stack(0x00af0000,0x00b40000)]

Other Threads:
  0x02555000 VMThread [stack: 0x186c0000,0x18710000] [id=7460]
  0x1888f800 WatcherThread [stack: 0x19140000,0x19190000] [id=4984]

VM state:not at safepoint (normal execution)

VM Mutex/Monitor currently owned by a thread: None

Heap
 def new generation   total 4928K, used 466K [0x04570000, 0x04ac0000, 0x09ac0000)
  eden space 4416K,  10% used [0x04570000, 0x045e4800, 0x049c0000)
  from space 512K,   0% used [0x049c0000, 0x049c0000, 0x04a40000)
  to   space 512K,   0% used [0x04a40000, 0x04a40000, 0x04ac0000)
 tenured generation   total 10944K, used 0K [0x09ac0000, 0x0a570000, 0x14570000)
   the space 10944K,   0% used [0x09ac0000, 0x09ac0000, 0x09ac0200, 0x0a570000)
 compacting perm gen  total 12288K, used 1578K [0x14570000, 0x15170000, 0x18570000)
   the space 12288K,  12% used [0x14570000, 0x146fa950, 0x146faa00, 0x15170000)
No shared spaces configured.

Card table byte_map: [0x18570000,0x18620000] byte_map_base: 0x1854d480

Polling page: 0x00b40000

Code Cache  [0x02570000, 0x02608000, 0x04570000)
 total_blobs=123 nmethods=4 adapters=63 free_code_cache=32189Kb largest_free_block=32962368

Compilation events (8 events):
Event: 0.287 Thread 0x1888bc00    1             java.lang.String::hashCode (55 bytes)
Event: 0.290 Thread 0x1888bc00 nmethod 1 0x025ff848 code [0x025ff940, 0x025ffa20]
Event: 0.294 Thread 0x1888bc00    2             java.lang.String::charAt (29 bytes)
Event: 0.295 Thread 0x1888bc00 nmethod 2 0x025ffb48 code [0x025ffc60, 0x025ffd9c]
Event: 0.295 Thread 0x1888bc00    3             java.lang.String::indexOf (70 bytes)
Event: 0.296 Thread 0x1888bc00 nmethod 3 0x025ffec8 code [0x025fffe0, 0x0260012c]
Event: 0.298 Thread 0x1888bc00    4             java.lang.String::indexOf (166 bytes)
Event: 0.299 Thread 0x1888bc00 nmethod 4 0x02600288 code [0x026003a0, 0x026005d0]

GC Heap History (0 events):
No events

Deoptimization events (0 events):
No events

Internal exceptions (2 events):
Event: 0.061 Thread 0x00bcbc00 Threw 0x04575ff0 at C:\openjdk\hotspot\src\share\vm\prims\jni.cpp:3994
Event: 0.297 Thread 0x00bcbc00 Threw 0x045b7e58 at C:\openjdk\hotspot\src\share\vm\prims\jvm.cpp:1166

Events (10 events):
Event: 3.766 Executing VM operation: GetOrSetLocal
Event: 3.766 Executing VM operation: GetOrSetLocal done
Event: 3.767 Executing VM operation: GetOrSetLocal
Event: 3.767 Executing VM operation: GetOrSetLocal done
Event: 3.768 Executing VM operation: GetOrSetLocal
Event: 3.768 Executing VM operation: GetOrSetLocal done
Event: 4.339 Executing VM operation: EnableBiasedLocking
Event: 4.339 Executing VM operation: EnableBiasedLocking done
Event: 1899.234 Executing VM operation: RedefineClasses
Event: 1899.234 Executing VM operation: RedefineClasses done


Dynamic libraries:
0x00ac0000 - 0x00aed000 	C:\opt\Java\openjdk-1.7.0-u6-b24\bin\javaw.exe
0x77920000 - 0x77a8e000 	C:\Windows\SYSTEM32\ntdll.dll
0x75310000 - 0x75450000 	C:\Windows\SYSTEM32\KERNEL32.DLL
0x75230000 - 0x75307000 	C:\Windows\SYSTEM32\KERNELBASE.dll
0x76490000 - 0x7650c000 	C:\Windows\SYSTEM32\ADVAPI32.dll
0x75eb0000 - 0x76003000 	C:\Windows\SYSTEM32\USER32.dll
0x74670000 - 0x74876000 	C:\Windows\WinSxS\x86_microsoft.windows.common-controls_6595b64144ccf1df_6.0.9600.17810_none_a9edf09f013934e0\COMCTL32.dll
0x76100000 - 0x761c3000 	C:\Windows\SYSTEM32\msvcrt.dll
0x76010000 - 0x76051000 	C:\Windows\SYSTEM32\sechost.dll
0x75930000 - 0x759ea000 	C:\Windows\SYSTEM32\RPCRT4.dll
0x76380000 - 0x7648e000 	C:\Windows\SYSTEM32\GDI32.dll
0x75120000 - 0x7513e000 	C:\Windows\SYSTEM32\SspiCli.dll
0x75110000 - 0x7511a000 	C:\Windows\SYSTEM32\CRYPTBASE.dll
0x750b0000 - 0x75104000 	C:\Windows\SYSTEM32\bcryptPrimitives.dll
0x751f0000 - 0x75217000 	C:\Windows\system32\IMM32.DLL
0x75640000 - 0x75752000 	C:\Windows\SYSTEM32\MSCTF.dll
0x73530000 - 0x735ee000 	C:\opt\Java\openjdk-1.7.0-u6-b24\jre\bin\msvcr100.dll
0x71d80000 - 0x720bb000 	C:\opt\Java\openjdk-1.7.0-u6-b24\jre\bin\client\jvm.dll
0x73cc0000 - 0x73ce3000 	C:\Windows\SYSTEM32\WINMM.dll
0x75150000 - 0x75156000 	C:\Windows\SYSTEM32\PSAPI.DLL
0x73c90000 - 0x73cb3000 	C:\Windows\SYSTEM32\WINMMBASE.dll
0x75c70000 - 0x75cac000 	C:\Windows\SYSTEM32\cfgmgr32.dll
0x73c60000 - 0x73c81000 	C:\Windows\SYSTEM32\DEVOBJ.dll
0x73520000 - 0x7352c000 	C:\opt\Java\openjdk-1.7.0-u6-b24\jre\bin\verify.dll
0x73500000 - 0x73520000 	C:\opt\Java\openjdk-1.7.0-u6-b24\jre\bin\java.dll
0x733d0000 - 0x733fa000 	C:\opt\Java\openjdk-1.7.0-u6-b24\jre\bin\jdwp.dll
0x733c0000 - 0x733c7000 	C:\opt\Java\openjdk-1.7.0-u6-b24\jre\bin\npt.dll
0x733a0000 - 0x733b3000 	C:\opt\Java\openjdk-1.7.0-u6-b24\jre\bin\zip.dll
0x73390000 - 0x73398000 	C:\opt\Java\openjdk-1.7.0-u6-b24\jre\bin\dt_socket.dll
0x76060000 - 0x760b0000 	C:\Windows\SYSTEM32\WS2_32.dll
0x75610000 - 0x75617000 	C:\Windows\SYSTEM32\NSI.dll
0x73b40000 - 0x73b51000 	C:\Windows\system32\napinsp.dll
0x73b20000 - 0x73b34000 	C:\Windows\system32\NLAapi.dll
0x73ef0000 - 0x73f3b000 	C:\Windows\System32\mswsock.dll
0x74560000 - 0x745de000 	C:\Windows\SYSTEM32\DNSAPI.dll
0x73b10000 - 0x73b1a000 	C:\Windows\System32\winrnr.dll
0x73a10000 - 0x73a56000 	C:\Windows\System32\fwpuclnt.dll
0x73a00000 - 0x73a08000 	C:\Windows\System32\rasadhlp.dll
0x719c0000 - 0x71b01000 	C:\Windows\system32\DBGHELP.DLL

VM Arguments:
jvm_args: -agentlib:jdwp=transport=dt_socket,suspend=y,address=localhost:58817 -Dfile.encoding=Cp1252 
java_command: practise.Sorts
Launcher Type: SUN_STANDARD

Environment Variables:
JAVA_HOME=C:\opt\Java\jdk1.7.0_45
PATH=C:\opt\Java\openjdk-1.7.0-u6-b24\jre\bin;C:\Program Files (x86)\Hewlett-Packard\HPCSS\HPSignClient;C:\Program Files (x86)\Hewlett-Packard\HPCSS\HPSignClient\LunaSA;C:\Program Files (x86)\Hewlett-Packard\HPCSS\HPSignClient\LunaSA\GnuPG;C:\Program Files (x86)\Hewlett-Packard\HPCSS\HPSignClient\LunaSA\JSP\lib;C:\Program Files (x86)\Hewlett-Packard\HPCSS\HPSignClient\LunaSA\HPMobileSign;C:\Program Files (x86)\Hewlett-Packard\HPCSS\HPSignClient\LunaSA\BinarySigner;C:\Program Files (x86)\Hewlett-Packard\HPCSS\HPSignClient\LunaSA\KSP;C:\Program Files (x86)\Hewlett-Packard\HPCSS\HPSignClient\LunaSA\CSP;;C:\Windows\system32;C:\Windows;C:\Windows\System32\Wbem;C:\Windows\System32\WindowsPowerShell\v1.0\;C:\Program Files (x86)\WinMerge;C:\Program Files\TortoiseGit\bin;C:\opt\python\python27;C:\Program Files (x86)\Git\cmd;C:\opt\Java\jdk1.7.0_45\bin\;C:\Program Files\MIT\Kerberos\bin;C:\Program Files\VMware\vCenter Server\openSSL
USERNAME=Administrator
OS=Windows_NT
PROCESSOR_IDENTIFIER=Intel64 Family 6 Model 45 Stepping 2, GenuineIntel



---------------  S Y S T E M  ---------------

OS: Windows Server 2012 , 64 bit Build 9200 

CPU:total 4 (2 cores per cpu, 1 threads per core) family 6 model 45 stepping 2, cmov, cx8, fxsr, mmx, sse, sse2, sse3, ssse3, sse4.1, sse4.2, popcnt, avx, tsc, tscinvbit, tscinv

Memory: 4k page, physical 12582452k(6008104k free), swap 14482996k(8048840k free)

vm_info: OpenJDK Client VM (23.2-b09) for windows-x86 JRE (1.7.0-u6-unofficial-b24), built on Nov 27 2012 06:33:30 by "alex1" with unknown MS VC++:1600

time: Tue May 17 22:37:54 2016
elapsed time: 1899 seconds

